
[0m[2m[35m$[0m [2m[1mprettier --write .[0m
.eslintrc.json[2K[1G[90m.eslintrc.json[39m 24ms (unchanged)
.gitignore[2K[1G.prettierrc[2K[1G[90m.prettierrc[39m 12ms (unchanged)
.turbo/turbo-format.log[2K[1Gdrizzle.config.ts[2K[1G[90mdrizzle.config.ts[39m 34ms (unchanged)
drizzle/0000_peaceful_barracuda.sql[2K[1Gdrizzle/meta/_journal.json[2K[1G[90mdrizzle/meta/_journal.json[39m 2ms (unchanged)
drizzle/meta/0000_snapshot.json[2K[1G[90mdrizzle/meta/0000_snapshot.json[39m 2ms (unchanged)
drizzle/relations.ts[2K[1G[90mdrizzle/relations.ts[39m 1ms (unchanged)
drizzle/schema.ts[2K[1G[90mdrizzle/schema.ts[39m 0ms (unchanged)
eslint.config.js[2K[1G[90meslint.config.js[39m 7ms (unchanged)
package.json[2K[1G[90mpackage.json[39m 2ms (unchanged)
src/commands/add.ts[2K[1G[90msrc/commands/add.ts[39m 15ms (unchanged)
src/commands/collapse.ts[2K[1G[90msrc/commands/collapse.ts[39m 9ms (unchanged)
src/commands/delete.ts[2K[1G[90msrc/commands/delete.ts[39m 5ms (unchanged)
src/commands/edit.ts[2K[1G[90msrc/commands/edit.ts[39m 6ms (unchanged)
src/commands/index.ts[2K[1G[90msrc/commands/index.ts[39m 6ms (unchanged)
src/commands/list.ts[2K[1G[90msrc/commands/list.ts[39m 5ms (unchanged)
src/commands/log.ts[2K[1G[90msrc/commands/log.ts[39m 6ms (unchanged)
src/commands/rename.ts[2K[1G[90msrc/commands/rename.ts[39m 5ms (unchanged)
src/commands/setup.ts[2K[1G[90msrc/commands/setup.ts[39m 4ms (unchanged)
src/config/data.ts[2K[1G[90msrc/config/data.ts[39m 2ms (unchanged)
src/db/index.ts[2K[1G[90msrc/db/index.ts[39m 2ms (unchanged)
src/db/schema/enums.schema.ts[2K[1G[90msrc/db/schema/enums.schema.ts[39m 1ms (unchanged)
src/db/schema/habits.schema.ts[2K[1G[90msrc/db/schema/habits.schema.ts[39m 4ms (unchanged)
src/db/schema/index.ts[2K[1G[90msrc/db/schema/index.ts[39m 1ms (unchanged)
src/db/zod/habits.zod.ts[2K[1G[90msrc/db/zod/habits.zod.ts[39m 3ms (unchanged)
src/db/zod/index.ts[2K[1G[90msrc/db/zod/index.ts[39m 0ms (unchanged)
src/index.ts[2K[1G[90msrc/index.ts[39m 2ms (unchanged)
src/services/habits.service.ts[2K[1G[90msrc/services/habits.service.ts[39m 7ms (unchanged)
src/utils/dates.ts[2K[1G[90msrc/utils/dates.ts[39m 3ms (unchanged)
src/utils/milestones.ts[2K[1G[90msrc/utils/milestones.ts[39m 5ms (unchanged)
src/utils/progress.ts[2K[1G[90msrc/utils/progress.ts[39m 3ms (unchanged)
src/utils/ui.ts[2K[1G[90msrc/utils/ui.ts[39m 4ms (unchanged)
tsconfig.json[2K[1G[90mtsconfig.json[39m 1ms (unchanged)
